Analysis & Synthesis report for maquinaestado
Tue Jan 12 18:59:33 2021
Quartus Prime Version 19.1.0 Build 670 09/22/2019 SJ Lite Edition


---------------------
; Table of Contents ;
---------------------
  1. Legal Notice
  2. Analysis & Synthesis Summary
  3. Analysis & Synthesis Settings
  4. Parallel Compilation
  5. Analysis & Synthesis Source Files Read
  6. Analysis & Synthesis Resource Usage Summary
  7. Analysis & Synthesis Resource Utilization by Entity
  8. State Machine - |maquinaestado|estado_atual
  9. User-Specified and Inferred Latches
 10. Registers Removed During Synthesis
 11. General Register Statistics
 12. Analysis & Synthesis Messages



----------------
; Legal Notice ;
----------------
Copyright (C) 2019  Intel Corporation. All rights reserved.
Your use of Intel Corporation's design tools, logic functions 
and other software and tools, and any partner logic 
functions, and any output files from any of the foregoing 
(including device programming or simulation files), and any 
associated documentation or information are expressly subject 
to the terms and conditions of the Intel Program License 
Subscription Agreement, the Intel Quartus Prime License Agreement,
the Intel FPGA IP License Agreement, or other applicable license
agreement, including, without limitation, that your use is for
the sole purpose of programming logic devices manufactured by
Intel and sold by Intel or its authorized distributors.  Please
refer to the applicable agreement for further details, at
https://fpgasoftware.intel.com/eula.



+---------------------------------------------------------------------------+
; Analysis & Synthesis Summary                                              ;
+-----------------------------+---------------------------------------------+
; Analysis & Synthesis Status ; Successful - Tue Jan 12 18:59:33 2021       ;
; Quartus Prime Version       ; 19.1.0 Build 670 09/22/2019 SJ Lite Edition ;
; Revision Name               ; maquinaestado                               ;
; Top-level Entity Name       ; maquinaestado                               ;
; Family                      ; MAX V                                       ;
; Total logic elements        ; 36                                          ;
; Total pins                  ; 10                                          ;
; Total virtual pins          ; 0                                           ;
; UFM blocks                  ; 0 / 1 ( 0 % )                               ;
+-----------------------------+---------------------------------------------+


+------------------------------------------------------------------------------------------------------------+
; Analysis & Synthesis Settings                                                                              ;
+------------------------------------------------------------------+--------------------+--------------------+
; Option                                                           ; Setting            ; Default Value      ;
+------------------------------------------------------------------+--------------------+--------------------+
; Top-level entity name                                            ; maquinaestado      ; maquinaestado      ;
; Family name                                                      ; MAX V              ; Cyclone V          ;
; Use smart compilation                                            ; Off                ; Off                ;
; Enable parallel Assembler and Timing Analyzer during compilation ; On                 ; On                 ;
; Enable compact report table                                      ; Off                ; Off                ;
; Restructure Multiplexers                                         ; Auto               ; Auto               ;
; Create Debugging Nodes for IP Cores                              ; Off                ; Off                ;
; Preserve fewer node names                                        ; On                 ; On                 ;
; Intel FPGA IP Evaluation Mode                                    ; Enable             ; Enable             ;
; Verilog Version                                                  ; Verilog_2001       ; Verilog_2001       ;
; VHDL Version                                                     ; VHDL_1993          ; VHDL_1993          ;
; State Machine Processing                                         ; Auto               ; Auto               ;
; Safe State Machine                                               ; Off                ; Off                ;
; Extract Verilog State Machines                                   ; On                 ; On                 ;
; Extract VHDL State Machines                                      ; On                 ; On                 ;
; Ignore Verilog initial constructs                                ; Off                ; Off                ;
; Iteration limit for constant Verilog loops                       ; 5000               ; 5000               ;
; Iteration limit for non-constant Verilog loops                   ; 250                ; 250                ;
; Add Pass-Through Logic to Inferred RAMs                          ; On                 ; On                 ;
; Infer RAMs from Raw Logic                                        ; On                 ; On                 ;
; Parallel Synthesis                                               ; On                 ; On                 ;
; NOT Gate Push-Back                                               ; On                 ; On                 ;
; Power-Up Don't Care                                              ; On                 ; On                 ;
; Remove Redundant Logic Cells                                     ; Off                ; Off                ;
; Remove Duplicate Registers                                       ; On                 ; On                 ;
; Ignore CARRY Buffers                                             ; Off                ; Off                ;
; Ignore CASCADE Buffers                                           ; Off                ; Off                ;
; Ignore GLOBAL Buffers                                            ; Off                ; Off                ;
; Ignore ROW GLOBAL Buffers                                        ; Off                ; Off                ;
; Ignore LCELL Buffers                                             ; Off                ; Off                ;
; Ignore SOFT Buffers                                              ; On                 ; On                 ;
; Limit AHDL Integers to 32 Bits                                   ; Off                ; Off                ;
; Optimization Technique                                           ; Balanced           ; Balanced           ;
; Carry Chain Length                                               ; 70                 ; 70                 ;
; Auto Carry Chains                                                ; On                 ; On                 ;
; Auto Open-Drain Pins                                             ; On                 ; On                 ;
; Perform WYSIWYG Primitive Resynthesis                            ; Off                ; Off                ;
; Auto Shift Register Replacement                                  ; Auto               ; Auto               ;
; Allow Shift Register Merging across Hierarchies                  ; Auto               ; Auto               ;
; Auto Clock Enable Replacement                                    ; On                 ; On                 ;
; Allow Synchronous Control Signals                                ; On                 ; On                 ;
; Force Use of Synchronous Clear Signals                           ; Off                ; Off                ;
; Auto Resource Sharing                                            ; Off                ; Off                ;
; Use LogicLock Constraints during Resource Balancing              ; On                 ; On                 ;
; Ignore translate_off and synthesis_off directives                ; Off                ; Off                ;
; Report Parameter Settings                                        ; On                 ; On                 ;
; Report Source Assignments                                        ; On                 ; On                 ;
; Report Connectivity Checks                                       ; On                 ; On                 ;
; Ignore Maximum Fan-Out Assignments                               ; Off                ; Off                ;
; Synchronization Register Chain Length                            ; 2                  ; 2                  ;
; Power Optimization During Synthesis                              ; Normal compilation ; Normal compilation ;
; HDL message level                                                ; Level2             ; Level2             ;
; Suppress Register Optimization Related Messages                  ; Off                ; Off                ;
; Number of Removed Registers Reported in Synthesis Report         ; 5000               ; 5000               ;
; Number of Swept Nodes Reported in Synthesis Report               ; 5000               ; 5000               ;
; Number of Inverted Registers Reported in Synthesis Report        ; 100                ; 100                ;
; Clock MUX Protection                                             ; On                 ; On                 ;
; Block Design Naming                                              ; Auto               ; Auto               ;
; Synthesis Effort                                                 ; Auto               ; Auto               ;
; Shift Register Replacement - Allow Asynchronous Clear Signal     ; On                 ; On                 ;
; Analysis & Synthesis Message Level                               ; Medium             ; Medium             ;
; Disable Register Merging Across Hierarchies                      ; Auto               ; Auto               ;
+------------------------------------------------------------------+--------------------+--------------------+


+------------------------------------------+
; Parallel Compilation                     ;
+----------------------------+-------------+
; Processors                 ; Number      ;
+----------------------------+-------------+
; Number detected on machine ; 8           ;
; Maximum allowed            ; 4           ;
;                            ;             ;
; Average used               ; 1.00        ;
; Maximum used               ; 1           ;
;                            ;             ;
; Usage by Processor         ; % Time Used ;
;     Processor 1            ; 100.0%      ;
+----------------------------+-------------+


+--------------------------------------------------------------------------------------------------------------------------------------------------------------------------+
; Analysis & Synthesis Source Files Read                                                                                                                                   ;
+----------------------------------+-----------------+-----------------+-----------------------------------------------------------------------------------------+---------+
; File Name with User-Entered Path ; Used in Netlist ; File Type       ; File Name with Absolute Path                                                            ; Library ;
+----------------------------------+-----------------+-----------------+-----------------------------------------------------------------------------------------+---------+
; maquinaestado.vhd                ; yes             ; User VHDL File  ; C:/Users/mathe/Documents/TrabCircuitosLogicos/ExercicioComputacional4/maquinaestado.vhd ;         ;
+----------------------------------+-----------------+-----------------+-----------------------------------------------------------------------------------------+---------+


+----------------------------------------------------------+
; Analysis & Synthesis Resource Usage Summary              ;
+---------------------------------------------+------------+
; Resource                                    ; Usage      ;
+---------------------------------------------+------------+
; Total logic elements                        ; 36         ;
;     -- Combinational with no register       ; 28         ;
;     -- Register only                        ; 7          ;
;     -- Combinational with a register        ; 1          ;
;                                             ;            ;
; Logic element usage by number of LUT inputs ;            ;
;     -- 4 input functions                    ; 12         ;
;     -- 3 input functions                    ; 12         ;
;     -- 2 input functions                    ; 4          ;
;     -- 1 input functions                    ; 1          ;
;     -- 0 input functions                    ; 0          ;
;                                             ;            ;
; Logic elements by mode                      ;            ;
;     -- normal mode                          ; 36         ;
;     -- arithmetic mode                      ; 0          ;
;     -- qfbk mode                            ; 0          ;
;     -- register cascade mode                ; 0          ;
;     -- synchronous clear/load mode          ; 0          ;
;     -- asynchronous clear/load mode         ; 5          ;
;                                             ;            ;
; Total registers                             ; 8          ;
; I/O pins                                    ; 10         ;
; Maximum fan-out node                        ; entrada[0] ;
; Maximum fan-out                             ; 11         ;
; Total fan-out                               ; 116        ;
; Average fan-out                             ; 2.52       ;
+---------------------------------------------+------------+


+--------------------------------------------------------------------------------------------------------------------------------------------------------------------------------------------------------------------------------------+
; Analysis & Synthesis Resource Utilization by Entity                                                                                                                                                                                  ;
+----------------------------+-------------+--------------+------------+------+--------------+--------------+-------------------+------------------+-----------------+------------+---------------------+---------------+--------------+
; Compilation Hierarchy Node ; Logic Cells ; LC Registers ; UFM Blocks ; Pins ; Virtual Pins ; LUT-Only LCs ; Register-Only LCs ; LUT/Register LCs ; Carry Chain LCs ; Packed LCs ; Full Hierarchy Name ; Entity Name   ; Library Name ;
+----------------------------+-------------+--------------+------------+------+--------------+--------------+-------------------+------------------+-----------------+------------+---------------------+---------------+--------------+
; |maquinaestado             ; 36 (36)     ; 8            ; 0          ; 10   ; 0            ; 28 (28)      ; 7 (7)             ; 1 (1)            ; 0 (0)           ; 0 (0)      ; |maquinaestado      ; maquinaestado ; work         ;
+----------------------------+-------------+--------------+------------+------+--------------+--------------+-------------------+------------------+-----------------+------------+---------------------+---------------+--------------+
Note: For table entries with two numbers listed, the numbers in parentheses indicate the number of resources of the given type used by the specific entity alone. The numbers listed outside of parentheses indicate the total resources of the given type used by the specific entity and all of its sub-entities in the hierarchy.


Encoding Type:  One-Hot
+-----------------------------------------------------------------------------------------------------------------------------------+
; State Machine - |maquinaestado|estado_atual                                                                                       ;
+------------------+------------------+------------------+------------------+------------------+------------------+-----------------+
; Name             ; estado_atual.S25 ; estado_atual.S05 ; estado_atual.S10 ; estado_atual.S15 ; estado_atual.S20 ; estado_atual.S0 ;
+------------------+------------------+------------------+------------------+------------------+------------------+-----------------+
; estado_atual.S0  ; 0                ; 0                ; 0                ; 0                ; 0                ; 0               ;
; estado_atual.S20 ; 0                ; 0                ; 0                ; 0                ; 1                ; 1               ;
; estado_atual.S15 ; 0                ; 0                ; 0                ; 1                ; 0                ; 1               ;
; estado_atual.S10 ; 0                ; 0                ; 1                ; 0                ; 0                ; 1               ;
; estado_atual.S05 ; 0                ; 1                ; 0                ; 0                ; 0                ; 1               ;
; estado_atual.S25 ; 1                ; 0                ; 0                ; 0                ; 0                ; 1               ;
+------------------+------------------+------------------+------------------+------------------+------------------+-----------------+


+---------------------------------------------------------------------------------------------------+
; User-Specified and Inferred Latches                                                               ;
+----------------------------------------------------+---------------------+------------------------+
; Latch Name                                         ; Latch Enable Signal ; Free of Timing Hazards ;
+----------------------------------------------------+---------------------+------------------------+
; saida_futura[0]                                    ; saida_futura[0]     ; yes                    ;
; saida_futura[2]                                    ; saida_futura[0]     ; yes                    ;
; saida_futura[3]                                    ; saida_futura[0]     ; yes                    ;
; estado_futuro.S15_719                              ; estado_futuro.S15   ; yes                    ;
; estado_futuro.S20_784                              ; estado_futuro.S15   ; yes                    ;
; estado_futuro.S10_654                              ; estado_futuro.S15   ; yes                    ;
; estado_futuro.S05_589                              ; estado_futuro.S15   ; yes                    ;
; estado_futuro.S0_524                               ; estado_futuro.S15   ; yes                    ;
; Number of user-specified and inferred latches = 8  ;                     ;                        ;
+----------------------------------------------------+---------------------+------------------------+
Note: All latches listed above may not be present at the end of synthesis due to various synthesis optimizations.


+--------------------------------------------------------------------------------+
; Registers Removed During Synthesis                                             ;
+---------------------------------------+----------------------------------------+
; Register name                         ; Reason for Removal                     ;
+---------------------------------------+----------------------------------------+
; saida_atual[1]~reg0                   ; Stuck at VCC due to stuck port data_in ;
; estado_atual.S25                      ; Lost fanout                            ;
; Total Number of Removed Registers = 2 ;                                        ;
+---------------------------------------+----------------------------------------+


+------------------------------------------------------+
; General Register Statistics                          ;
+----------------------------------------------+-------+
; Statistic                                    ; Value ;
+----------------------------------------------+-------+
; Total registers                              ; 8     ;
; Number of registers using Synchronous Clear  ; 0     ;
; Number of registers using Synchronous Load   ; 0     ;
; Number of registers using Asynchronous Clear ; 5     ;
; Number of registers using Asynchronous Load  ; 0     ;
; Number of registers using Clock Enable       ; 0     ;
; Number of registers using Preset             ; 0     ;
+----------------------------------------------+-------+


+-------------------------------+
; Analysis & Synthesis Messages ;
+-------------------------------+
Info: *******************************************************************
Info: Running Quartus Prime Analysis & Synthesis
    Info: Version 19.1.0 Build 670 09/22/2019 SJ Lite Edition
    Info: Processing started: Tue Jan 12 18:58:55 2021
Info: Command: quartus_map --read_settings_files=on --write_settings_files=off maquinaestado -c maquinaestado
Warning (18236): Number of processors has not been specified which may cause overloading on shared machines.  Set the global assignment NUM_PARALLEL_PROCESSORS in your QSF to an appropriate value for best performance.
Info (20030): Parallel compilation is enabled and will use 4 of the 4 processors detected
Info (12021): Found 2 design units, including 1 entities, in source file maquinaestado.vhd
    Info (12022): Found design unit 1: maquinaestado-behaviour File: C:/Users/mathe/Documents/TrabCircuitosLogicos/ExercicioComputacional4/maquinaestado.vhd Line: 10
    Info (12023): Found entity 1: maquinaestado File: C:/Users/mathe/Documents/TrabCircuitosLogicos/ExercicioComputacional4/maquinaestado.vhd Line: 4
Info (12127): Elaborating entity "maquinaestado" for the top level hierarchy
Warning (10492): VHDL Process Statement warning at maquinaestado.vhd(32): signal "estado_atual" is read inside the Process Statement but isn't in the Process Statement's sensitivity list File: C:/Users/mathe/Documents/TrabCircuitosLogicos/ExercicioComputacional4/maquinaestado.vhd Line: 32
Warning (10631): VHDL Process Statement warning at maquinaestado.vhd(36): inferring latch(es) for signal or variable "saida_futura", which holds its previous value in one or more paths through the process File: C:/Users/mathe/Documents/TrabCircuitosLogicos/ExercicioComputacional4/maquinaestado.vhd Line: 36
Warning (10631): VHDL Process Statement warning at maquinaestado.vhd(36): inferring latch(es) for signal or variable "estado_futuro", which holds its previous value in one or more paths through the process File: C:/Users/mathe/Documents/TrabCircuitosLogicos/ExercicioComputacional4/maquinaestado.vhd Line: 36
Info (10041): Inferred latch for "estado_futuro.S0" at maquinaestado.vhd(36) File: C:/Users/mathe/Documents/TrabCircuitosLogicos/ExercicioComputacional4/maquinaestado.vhd Line: 36
Info (10041): Inferred latch for "estado_futuro.S05" at maquinaestado.vhd(36) File: C:/Users/mathe/Documents/TrabCircuitosLogicos/ExercicioComputacional4/maquinaestado.vhd Line: 36
Info (10041): Inferred latch for "estado_futuro.S10" at maquinaestado.vhd(36) File: C:/Users/mathe/Documents/TrabCircuitosLogicos/ExercicioComputacional4/maquinaestado.vhd Line: 36
Info (10041): Inferred latch for "estado_futuro.S15" at maquinaestado.vhd(36) File: C:/Users/mathe/Documents/TrabCircuitosLogicos/ExercicioComputacional4/maquinaestado.vhd Line: 36
Info (10041): Inferred latch for "estado_futuro.S20" at maquinaestado.vhd(36) File: C:/Users/mathe/Documents/TrabCircuitosLogicos/ExercicioComputacional4/maquinaestado.vhd Line: 36
Info (10041): Inferred latch for "estado_futuro.S25" at maquinaestado.vhd(36) File: C:/Users/mathe/Documents/TrabCircuitosLogicos/ExercicioComputacional4/maquinaestado.vhd Line: 36
Info (10041): Inferred latch for "saida_futura[0]" at maquinaestado.vhd(36) File: C:/Users/mathe/Documents/TrabCircuitosLogicos/ExercicioComputacional4/maquinaestado.vhd Line: 36
Info (10041): Inferred latch for "saida_futura[1]" at maquinaestado.vhd(36) File: C:/Users/mathe/Documents/TrabCircuitosLogicos/ExercicioComputacional4/maquinaestado.vhd Line: 36
Info (10041): Inferred latch for "saida_futura[2]" at maquinaestado.vhd(36) File: C:/Users/mathe/Documents/TrabCircuitosLogicos/ExercicioComputacional4/maquinaestado.vhd Line: 36
Info (10041): Inferred latch for "saida_futura[3]" at maquinaestado.vhd(36) File: C:/Users/mathe/Documents/TrabCircuitosLogicos/ExercicioComputacional4/maquinaestado.vhd Line: 36
Warning (13012): Latch saida_futura[0] has unsafe behavior File: C:/Users/mathe/Documents/TrabCircuitosLogicos/ExercicioComputacional4/maquinaestado.vhd Line: 36
    Warning (13013): Ports D and ENA on the latch are fed by the same signal estado_atual.S20 File: C:/Users/mathe/Documents/TrabCircuitosLogicos/ExercicioComputacional4/maquinaestado.vhd Line: 13
Warning (13012): Latch saida_futura[2] has unsafe behavior File: C:/Users/mathe/Documents/TrabCircuitosLogicos/ExercicioComputacional4/maquinaestado.vhd Line: 36
    Warning (13013): Ports D and ENA on the latch are fed by the same signal entrada[2] File: C:/Users/mathe/Documents/TrabCircuitosLogicos/ExercicioComputacional4/maquinaestado.vhd Line: 6
Warning (13012): Latch saida_futura[3] has unsafe behavior File: C:/Users/mathe/Documents/TrabCircuitosLogicos/ExercicioComputacional4/maquinaestado.vhd Line: 36
    Warning (13013): Ports D and ENA on the latch are fed by the same signal estado_atual.S20 File: C:/Users/mathe/Documents/TrabCircuitosLogicos/ExercicioComputacional4/maquinaestado.vhd Line: 13
Warning (13012): Latch estado_futuro.S15_719 has unsafe behavior File: C:/Users/mathe/Documents/TrabCircuitosLogicos/ExercicioComputacional4/maquinaestado.vhd Line: 36
    Warning (13013): Ports D and ENA on the latch are fed by the same signal entrada[2] File: C:/Users/mathe/Documents/TrabCircuitosLogicos/ExercicioComputacional4/maquinaestado.vhd Line: 6
Warning (13012): Latch estado_futuro.S20_784 has unsafe behavior File: C:/Users/mathe/Documents/TrabCircuitosLogicos/ExercicioComputacional4/maquinaestado.vhd Line: 36
    Warning (13013): Ports D and ENA on the latch are fed by the same signal entrada[2] File: C:/Users/mathe/Documents/TrabCircuitosLogicos/ExercicioComputacional4/maquinaestado.vhd Line: 6
Warning (13012): Latch estado_futuro.S10_654 has unsafe behavior File: C:/Users/mathe/Documents/TrabCircuitosLogicos/ExercicioComputacional4/maquinaestado.vhd Line: 36
    Warning (13013): Ports D and ENA on the latch are fed by the same signal entrada[2] File: C:/Users/mathe/Documents/TrabCircuitosLogicos/ExercicioComputacional4/maquinaestado.vhd Line: 6
Warning (13012): Latch estado_futuro.S05_589 has unsafe behavior File: C:/Users/mathe/Documents/TrabCircuitosLogicos/ExercicioComputacional4/maquinaestado.vhd Line: 36
    Warning (13013): Ports D and ENA on the latch are fed by the same signal entrada[2] File: C:/Users/mathe/Documents/TrabCircuitosLogicos/ExercicioComputacional4/maquinaestado.vhd Line: 6
Warning (13012): Latch estado_futuro.S0_524 has unsafe behavior File: C:/Users/mathe/Documents/TrabCircuitosLogicos/ExercicioComputacional4/maquinaestado.vhd Line: 36
    Warning (13013): Ports D and ENA on the latch are fed by the same signal estado_atual.S20 File: C:/Users/mathe/Documents/TrabCircuitosLogicos/ExercicioComputacional4/maquinaestado.vhd Line: 13
Warning (13024): Output pins are stuck at VCC or GND
    Warning (13410): Pin "saida_atual[1]" is stuck at VCC File: C:/Users/mathe/Documents/TrabCircuitosLogicos/ExercicioComputacional4/maquinaestado.vhd Line: 20
Info (17049): 1 registers lost all their fanouts during netlist optimizations.
Info (21057): Implemented 46 device resources after synthesis - the final resource count might be different
    Info (21058): Implemented 6 input pins
    Info (21059): Implemented 4 output pins
    Info (21061): Implemented 36 logic cells
Info: Quartus Prime Analysis & Synthesis was successful. 0 errors, 22 warnings
    Info: Peak virtual memory: 4787 megabytes
    Info: Processing ended: Tue Jan 12 18:59:33 2021
    Info: Elapsed time: 00:00:38
    Info: Total CPU time (on all processors): 00:01:51


