Analysis & Synthesis report for processador
Fri Apr 16 10:23:24 2021
Quartus Prime Version 19.1.0 Build 670 09/22/2019 SJ Lite Edition


---------------------
; Table of Contents ;
---------------------
  1. Legal Notice
  2. Analysis & Synthesis Summary
  3. Analysis & Synthesis Settings
  4. Parallel Compilation
  5. Analysis & Synthesis Source Files Read
  6. Analysis & Synthesis Resource Usage Summary
  7. Analysis & Synthesis Resource Utilization by Entity
  8. State Machine - |processador|estado_atual
  9. General Register Statistics
 10. Analysis & Synthesis Messages



----------------
; Legal Notice ;
----------------
Copyright (C) 2019  Intel Corporation. All rights reserved.
Your use of Intel Corporation's design tools, logic functions 
and other software and tools, and any partner logic 
functions, and any output files from any of the foregoing 
(including device programming or simulation files), and any 
associated documentation or information are expressly subject 
to the terms and conditions of the Intel Program License 
Subscription Agreement, the Intel Quartus Prime License Agreement,
the Intel FPGA IP License Agreement, or other applicable license
agreement, including, without limitation, that your use is for
the sole purpose of programming logic devices manufactured by
Intel and sold by Intel or its authorized distributors.  Please
refer to the applicable agreement for further details, at
https://fpgasoftware.intel.com/eula.



+---------------------------------------------------------------------------+
; Analysis & Synthesis Summary                                              ;
+-----------------------------+---------------------------------------------+
; Analysis & Synthesis Status ; Successful - Fri Apr 16 10:23:24 2021       ;
; Quartus Prime Version       ; 19.1.0 Build 670 09/22/2019 SJ Lite Edition ;
; Revision Name               ; processador                                 ;
; Top-level Entity Name       ; processador                                 ;
; Family                      ; MAX II                                      ;
; Total logic elements        ; 9                                           ;
; Total pins                  ; 10                                          ;
; Total virtual pins          ; 0                                           ;
; UFM blocks                  ; 0 / 1 ( 0 % )                               ;
+-----------------------------+---------------------------------------------+


+------------------------------------------------------------------------------------------------------------+
; Analysis & Synthesis Settings                                                                              ;
+------------------------------------------------------------------+--------------------+--------------------+
; Option                                                           ; Setting            ; Default Value      ;
+------------------------------------------------------------------+--------------------+--------------------+
; Top-level entity name                                            ; processador        ; processador        ;
; Family name                                                      ; MAX II             ; Cyclone V          ;
; Use smart compilation                                            ; Off                ; Off                ;
; Enable parallel Assembler and Timing Analyzer during compilation ; On                 ; On                 ;
; Enable compact report table                                      ; Off                ; Off                ;
; Restructure Multiplexers                                         ; Auto               ; Auto               ;
; Create Debugging Nodes for IP Cores                              ; Off                ; Off                ;
; Preserve fewer node names                                        ; On                 ; On                 ;
; Intel FPGA IP Evaluation Mode                                    ; Enable             ; Enable             ;
; Verilog Version                                                  ; Verilog_2001       ; Verilog_2001       ;
; VHDL Version                                                     ; VHDL_1993          ; VHDL_1993          ;
; State Machine Processing                                         ; Auto               ; Auto               ;
; Safe State Machine                                               ; Off                ; Off                ;
; Extract Verilog State Machines                                   ; On                 ; On                 ;
; Extract VHDL State Machines                                      ; On                 ; On                 ;
; Ignore Verilog initial constructs                                ; Off                ; Off                ;
; Iteration limit for constant Verilog loops                       ; 5000               ; 5000               ;
; Iteration limit for non-constant Verilog loops                   ; 250                ; 250                ;
; Add Pass-Through Logic to Inferred RAMs                          ; On                 ; On                 ;
; Infer RAMs from Raw Logic                                        ; On                 ; On                 ;
; Parallel Synthesis                                               ; On                 ; On                 ;
; NOT Gate Push-Back                                               ; On                 ; On                 ;
; Power-Up Don't Care                                              ; On                 ; On                 ;
; Remove Redundant Logic Cells                                     ; Off                ; Off                ;
; Remove Duplicate Registers                                       ; On                 ; On                 ;
; Ignore CARRY Buffers                                             ; Off                ; Off                ;
; Ignore CASCADE Buffers                                           ; Off                ; Off                ;
; Ignore GLOBAL Buffers                                            ; Off                ; Off                ;
; Ignore ROW GLOBAL Buffers                                        ; Off                ; Off                ;
; Ignore LCELL Buffers                                             ; Off                ; Off                ;
; Ignore SOFT Buffers                                              ; On                 ; On                 ;
; Limit AHDL Integers to 32 Bits                                   ; Off                ; Off                ;
; Optimization Technique                                           ; Balanced           ; Balanced           ;
; Carry Chain Length                                               ; 70                 ; 70                 ;
; Auto Carry Chains                                                ; On                 ; On                 ;
; Auto Open-Drain Pins                                             ; On                 ; On                 ;
; Perform WYSIWYG Primitive Resynthesis                            ; Off                ; Off                ;
; Auto Shift Register Replacement                                  ; Auto               ; Auto               ;
; Allow Shift Register Merging across Hierarchies                  ; Auto               ; Auto               ;
; Auto Clock Enable Replacement                                    ; On                 ; On                 ;
; Allow Synchronous Control Signals                                ; On                 ; On                 ;
; Force Use of Synchronous Clear Signals                           ; Off                ; Off                ;
; Auto Resource Sharing                                            ; Off                ; Off                ;
; Use LogicLock Constraints during Resource Balancing              ; On                 ; On                 ;
; Ignore translate_off and synthesis_off directives                ; Off                ; Off                ;
; Report Parameter Settings                                        ; On                 ; On                 ;
; Report Source Assignments                                        ; On                 ; On                 ;
; Report Connectivity Checks                                       ; On                 ; On                 ;
; Ignore Maximum Fan-Out Assignments                               ; Off                ; Off                ;
; Synchronization Register Chain Length                            ; 2                  ; 2                  ;
; Power Optimization During Synthesis                              ; Normal compilation ; Normal compilation ;
; HDL message level                                                ; Level2             ; Level2             ;
; Suppress Register Optimization Related Messages                  ; Off                ; Off                ;
; Number of Removed Registers Reported in Synthesis Report         ; 5000               ; 5000               ;
; Number of Swept Nodes Reported in Synthesis Report               ; 5000               ; 5000               ;
; Number of Inverted Registers Reported in Synthesis Report        ; 100                ; 100                ;
; Clock MUX Protection                                             ; On                 ; On                 ;
; Block Design Naming                                              ; Auto               ; Auto               ;
; Synthesis Effort                                                 ; Auto               ; Auto               ;
; Shift Register Replacement - Allow Asynchronous Clear Signal     ; On                 ; On                 ;
; Analysis & Synthesis Message Level                               ; Medium             ; Medium             ;
; Disable Register Merging Across Hierarchies                      ; Auto               ; Auto               ;
+------------------------------------------------------------------+--------------------+--------------------+


+------------------------------------------+
; Parallel Compilation                     ;
+----------------------------+-------------+
; Processors                 ; Number      ;
+----------------------------+-------------+
; Number detected on machine ; 8           ;
; Maximum allowed            ; 4           ;
;                            ;             ;
; Average used               ; 1.00        ;
; Maximum used               ; 1           ;
;                            ;             ;
; Usage by Processor         ; % Time Used ;
;     Processor 1            ; 100.0%      ;
+----------------------------+-------------+


+----------------------------------------------------------------------------------------------------------------------------------------------------------------------------------------+
; Analysis & Synthesis Source Files Read                                                                                                                                                 ;
+----------------------------------+-----------------+-----------------------+-------------------------------------------------------------------------------------------------+---------+
; File Name with User-Entered Path ; Used in Netlist ; File Type             ; File Name with Absolute Path                                                                    ; Library ;
+----------------------------------+-----------------+-----------------------+-------------------------------------------------------------------------------------------------+---------+
; processador.vhd                  ; yes             ; Auto-Found VHDL File  ; C:/Users/mathe/OneDrive/Documentos/TrabCircuitosLogicos/ExercicioComputacional5/processador.vhd ;         ;
+----------------------------------+-----------------+-----------------------+-------------------------------------------------------------------------------------------------+---------+


+-----------------------------------------------------+
; Analysis & Synthesis Resource Usage Summary         ;
+---------------------------------------------+-------+
; Resource                                    ; Usage ;
+---------------------------------------------+-------+
; Total logic elements                        ; 9     ;
;     -- Combinational with no register       ; 3     ;
;     -- Register only                        ; 3     ;
;     -- Combinational with a register        ; 3     ;
;                                             ;       ;
; Logic element usage by number of LUT inputs ;       ;
;     -- 4 input functions                    ; 3     ;
;     -- 3 input functions                    ; 2     ;
;     -- 2 input functions                    ; 1     ;
;     -- 1 input functions                    ; 0     ;
;     -- 0 input functions                    ; 0     ;
;                                             ;       ;
; Logic elements by mode                      ;       ;
;     -- normal mode                          ; 9     ;
;     -- arithmetic mode                      ; 0     ;
;     -- qfbk mode                            ; 0     ;
;     -- register cascade mode                ; 0     ;
;     -- synchronous clear/load mode          ; 0     ;
;     -- asynchronous clear/load mode         ; 6     ;
;                                             ;       ;
; Total registers                             ; 6     ;
; I/O pins                                    ; 10    ;
; Maximum fan-out node                        ; clk   ;
; Maximum fan-out                             ; 6     ;
; Total fan-out                               ; 38    ;
; Average fan-out                             ; 2.00  ;
+---------------------------------------------+-------+


+------------------------------------------------------------------------------------------------------------------------------------------------------------------------------------------------------------------------------------------------------+
; Analysis & Synthesis Resource Utilization by Entity                                                                                                                                                                                                  ;
+----------------------------+-------------+--------------+------------+------+--------------+--------------+-------------------+------------------+-----------------+------------+----------------------------------+------------------+--------------+
; Compilation Hierarchy Node ; Logic Cells ; LC Registers ; UFM Blocks ; Pins ; Virtual Pins ; LUT-Only LCs ; Register-Only LCs ; LUT/Register LCs ; Carry Chain LCs ; Packed LCs ; Full Hierarchy Name              ; Entity Name      ; Library Name ;
+----------------------------+-------------+--------------+------------+------+--------------+--------------+-------------------+------------------+-----------------+------------+----------------------------------+------------------+--------------+
; |processador               ; 9 (7)       ; 6            ; 0          ; 10   ; 0            ; 3 (3)        ; 3 (1)             ; 3 (3)            ; 0 (0)           ; 0 (0)      ; |processador                     ; processador      ; work         ;
;    |registrador6bits:IR|   ; 2 (2)       ; 2            ; 0          ; 0    ; 0            ; 0 (0)        ; 2 (2)             ; 0 (0)            ; 0 (0)           ; 0 (0)      ; |processador|registrador6bits:IR ; registrador6bits ; work         ;
+----------------------------+-------------+--------------+------------+------+--------------+--------------+-------------------+------------------+-----------------+------------+----------------------------------+------------------+--------------+
Note: For table entries with two numbers listed, the numbers in parentheses indicate the number of resources of the given type used by the specific entity alone. The numbers listed outside of parentheses indicate the total resources of the given type used by the specific entity and all of its sub-entities in the hierarchy.


Encoding Type:  One-Hot
+-----------------------------------------------------------------------------------------+
; State Machine - |processador|estado_atual                                               ;
+-----------------+-----------------+-----------------+-----------------+-----------------+
; Name            ; estado_atual.T3 ; estado_atual.T2 ; estado_atual.T1 ; estado_atual.T0 ;
+-----------------+-----------------+-----------------+-----------------+-----------------+
; estado_atual.T0 ; 0               ; 0               ; 0               ; 0               ;
; estado_atual.T1 ; 0               ; 0               ; 1               ; 1               ;
; estado_atual.T2 ; 0               ; 1               ; 0               ; 1               ;
; estado_atual.T3 ; 1               ; 0               ; 0               ; 1               ;
+-----------------+-----------------+-----------------+-----------------+-----------------+


+------------------------------------------------------+
; General Register Statistics                          ;
+----------------------------------------------+-------+
; Statistic                                    ; Value ;
+----------------------------------------------+-------+
; Total registers                              ; 6     ;
; Number of registers using Synchronous Clear  ; 0     ;
; Number of registers using Synchronous Load   ; 0     ;
; Number of registers using Asynchronous Clear ; 6     ;
; Number of registers using Asynchronous Load  ; 0     ;
; Number of registers using Clock Enable       ; 2     ;
; Number of registers using Preset             ; 0     ;
+----------------------------------------------+-------+


+-------------------------------+
; Analysis & Synthesis Messages ;
+-------------------------------+
Info: *******************************************************************
Info: Running Quartus Prime Analysis & Synthesis
    Info: Version 19.1.0 Build 670 09/22/2019 SJ Lite Edition
    Info: Processing started: Fri Apr 16 10:22:38 2021
Info: Command: quartus_map --read_settings_files=on --write_settings_files=off processador -c processador
Warning (18236): Number of processors has not been specified which may cause overloading on shared machines.  Set the global assignment NUM_PARALLEL_PROCESSORS in your QSF to an appropriate value for best performance.
Info (20030): Parallel compilation is enabled and will use 4 of the 4 processors detected
Warning (12090): Entity "mult2" obtained from "processador.vhd" instead of from Quartus Prime megafunction library File: C:/Users/mathe/OneDrive/Documentos/TrabCircuitosLogicos/ExercicioComputacional5/processador.vhd Line: 304
Warning (12125): Using design file processador.vhd, which is not specified as a design file for the current project, but contains definitions for 10 design units and 5 entities in project
    Info (12022): Found design unit 1: processador-behaviour File: C:/Users/mathe/OneDrive/Documentos/TrabCircuitosLogicos/ExercicioComputacional5/processador.vhd Line: 10
    Info (12022): Found design unit 2: registrador1bit-Behavioral File: C:/Users/mathe/OneDrive/Documentos/TrabCircuitosLogicos/ExercicioComputacional5/processador.vhd Line: 235
    Info (12022): Found design unit 3: registrador6bits-Behavioral File: C:/Users/mathe/OneDrive/Documentos/TrabCircuitosLogicos/ExercicioComputacional5/processador.vhd Line: 258
    Info (12022): Found design unit 4: mult6-Behavioral File: C:/Users/mathe/OneDrive/Documentos/TrabCircuitosLogicos/ExercicioComputacional5/processador.vhd Line: 281
    Info (12022): Found design unit 5: mult2-Behavioral File: C:/Users/mathe/OneDrive/Documentos/TrabCircuitosLogicos/ExercicioComputacional5/processador.vhd Line: 310
    Info (12023): Found entity 1: processador File: C:/Users/mathe/OneDrive/Documentos/TrabCircuitosLogicos/ExercicioComputacional5/processador.vhd Line: 4
    Info (12023): Found entity 2: registrador1bit File: C:/Users/mathe/OneDrive/Documentos/TrabCircuitosLogicos/ExercicioComputacional5/processador.vhd Line: 230
    Info (12023): Found entity 3: registrador6bits File: C:/Users/mathe/OneDrive/Documentos/TrabCircuitosLogicos/ExercicioComputacional5/processador.vhd Line: 252
    Info (12023): Found entity 4: mult6 File: C:/Users/mathe/OneDrive/Documentos/TrabCircuitosLogicos/ExercicioComputacional5/processador.vhd Line: 275
    Info (12023): Found entity 5: mult2 File: C:/Users/mathe/OneDrive/Documentos/TrabCircuitosLogicos/ExercicioComputacional5/processador.vhd Line: 304
Info (12127): Elaborating entity "processador" for the top level hierarchy
Info (12128): Elaborating entity "registrador6bits" for hierarchy "registrador6bits:IR" File: C:/Users/mathe/OneDrive/Documentos/TrabCircuitosLogicos/ExercicioComputacional5/processador.vhd Line: 58
Info (12128): Elaborating entity "registrador1bit" for hierarchy "registrador1bit:R0" File: C:/Users/mathe/OneDrive/Documentos/TrabCircuitosLogicos/ExercicioComputacional5/processador.vhd Line: 59
Info (12128): Elaborating entity "mult6" for hierarchy "mult6:multiplex" File: C:/Users/mathe/OneDrive/Documentos/TrabCircuitosLogicos/ExercicioComputacional5/processador.vhd Line: 65
Warning (10631): VHDL Process Statement warning at processador.vhd(283): inferring latch(es) for signal or variable "saida", which holds its previous value in one or more paths through the process File: C:/Users/mathe/OneDrive/Documentos/TrabCircuitosLogicos/ExercicioComputacional5/processador.vhd Line: 283
Info (10041): Inferred latch for "saida" at processador.vhd(283) File: C:/Users/mathe/OneDrive/Documentos/TrabCircuitosLogicos/ExercicioComputacional5/processador.vhd Line: 283
Info (12128): Elaborating entity "mult2" for hierarchy "mult2:mult" File: C:/Users/mathe/OneDrive/Documentos/TrabCircuitosLogicos/ExercicioComputacional5/processador.vhd Line: 66
Warning (10631): VHDL Process Statement warning at processador.vhd(312): inferring latch(es) for signal or variable "saida", which holds its previous value in one or more paths through the process File: C:/Users/mathe/OneDrive/Documentos/TrabCircuitosLogicos/ExercicioComputacional5/processador.vhd Line: 312
Info (10041): Inferred latch for "saida" at processador.vhd(312) File: C:/Users/mathe/OneDrive/Documentos/TrabCircuitosLogicos/ExercicioComputacional5/processador.vhd Line: 312
Warning (21074): Design contains 4 input pin(s) that do not drive logic
    Warning (15610): No output dependent on input pin "Din[0]" File: C:/Users/mathe/OneDrive/Documentos/TrabCircuitosLogicos/ExercicioComputacional5/processador.vhd Line: 6
    Warning (15610): No output dependent on input pin "Din[1]" File: C:/Users/mathe/OneDrive/Documentos/TrabCircuitosLogicos/ExercicioComputacional5/processador.vhd Line: 6
    Warning (15610): No output dependent on input pin "Din[2]" File: C:/Users/mathe/OneDrive/Documentos/TrabCircuitosLogicos/ExercicioComputacional5/processador.vhd Line: 6
    Warning (15610): No output dependent on input pin "Din[3]" File: C:/Users/mathe/OneDrive/Documentos/TrabCircuitosLogicos/ExercicioComputacional5/processador.vhd Line: 6
Info (21057): Implemented 19 device resources after synthesis - the final resource count might be different
    Info (21058): Implemented 9 input pins
    Info (21059): Implemented 1 output pins
    Info (21061): Implemented 9 logic cells
Info: Quartus Prime Analysis & Synthesis was successful. 0 errors, 10 warnings
    Info: Peak virtual memory: 4789 megabytes
    Info: Processing ended: Fri Apr 16 10:23:24 2021
    Info: Elapsed time: 00:00:46
    Info: Total CPU time (on all processors): 00:02:03


