Info: Start Nativelink Simulation process
Info: NativeLink has detected VHDL design -- VHDL simulation models will be used

========= EDA Simulation Settings =====================

Sim Mode              :  RTL
Family                :  maxv
Quartus root          :  d:/quartus/bin64/
Quartus sim root      :  d:/quartus/eda/sim_lib
Simulation Tool       :  modelsim-altera
Simulation Language   :  vhdl
Version               :  93
Simulation Mode       :  GUI
Sim Output File       :  
Sim SDF file          :  
Sim dir               :  simulation\modelsim

=======================================================

Info: Starting NativeLink simulation with ModelSim-Altera software
Sourced NativeLink script d:/quartus/common/tcl/internal/nativelink/modelsim.tcl
Warning: File LS74595_run_msim_rtl_vhdl.do already exists - backing up current file as LS74595_run_msim_rtl_vhdl.do.bak11
Info: Spawning ModelSim-Altera Simulation software 
Info: NativeLink simulation flow was successful
